<?xml version="1.0" encoding="UTF-8"?>
<testsuite xmlns:xsi="http://www.w3.org/2001/XMLSchema-instance" xsi:noNamespaceSchemaLocation="https://maven.apache.org/surefire/maven-surefire-plugin/xsd/surefire-test-report-3.0.xsd" version="3.0" name="com.microservicio.cuenta_movimientos.CuentaMovimientosApplicationTests" time="77.03" tests="1" errors="0" skipped="0" failures="0">
  <properties>
[...]
</properties>
  <testcase name="contextLoads" classname="com.microservicio.cuenta_movimientos.CuentaMovimientosApplicationTests" time="3.999">
    <system-out><![CDATA[15:16:10.712 [main] INFO org.springframework.test.context.support.AnnotationConfigContextLoaderUtils -- Could not detect default configuration classes for test class [com.microservicio.cuenta_movimientos.CuentaMovimientosApplicationTests]: CuentaMovimientosApplicationTests does not declare any static, non-private, non-final, nested classes annotated with @Configuration.
15:16:11.095 [main] INFO org.springframework.boot.test.context.SpringBootTestContextBootstrapper -- Found @SpringBootConfiguration com.microservicio.cuenta_movimientos.CuentaMovimientosApplication for test class com.microservicio.cuenta_movimientos.CuentaMovimientosApplicationTests

  .   ____          _            __ _ _
 /\\ / ___'_ __ _ _(_)_ __  __ _ \ \ \ \
( ( )\___ | '_ | '_| | '_ \/ _` | \ \ \ \
 \\/  ___)| |_)| | | | | || (_| |  ) ) ) )
  '  |____| .__|_| |_|_| |_\__, | / / / /
 =========|_|==============|___/=/_/_/_/

 :: Spring Boot ::                (v3.3.3)

2024-09-18T15:16:17.468-05:00  INFO 1496 --- [cuenta-movimientos] [           main] c.m.c.CuentaMovimientosApplicationTests  : Starting CuentaMovimientosApplicationTests using Java 22.0.2 with PID 1496 (started by eduga in C:\Users\eduga\OneDrive\Desktop\EduardoGalvezCarmigniani\cuenta-movimientos)
2024-09-18T15:16:17.469-05:00 DEBUG 1496 --- [cuenta-movimientos] [           main] c.m.c.CuentaMovimientosApplicationTests  : Running with Spring Boot v3.3.3, Spring v6.1.12
2024-09-18T15:16:17.471-05:00  INFO 1496 --- [cuenta-movimientos] [           main] c.m.c.CuentaMovimientosApplicationTests  : No active profile set, falling back to 1 default profile: "default"
2024-09-18T15:16:22.697-05:00  INFO 1496 --- [cuenta-movimientos] [           main] .s.d.r.c.RepositoryConfigurationDelegate : Bootstrapping Spring Data JPA repositories in DEFAULT mode.
2024-09-18T15:16:22.839-05:00  INFO 1496 --- [cuenta-movimientos] [           main] .s.d.r.c.RepositoryConfigurationDelegate : Finished Spring Data repository scanning in 83 ms. Found 2 JPA repository interfaces.
2024-09-18T15:16:25.063-05:00  INFO 1496 --- [cuenta-movimientos] [           main] o.hibernate.jpa.internal.util.LogHelper  : HHH000204: Processing PersistenceUnitInfo [name: default]
2024-09-18T15:16:25.212-05:00  INFO 1496 --- [cuenta-movimientos] [           main] org.hibernate.Version                    : HHH000412: Hibernate ORM core version 6.5.2.Final
2024-09-18T15:16:25.273-05:00  INFO 1496 --- [cuenta-movimientos] [           main] o.h.c.internal.RegionFactoryInitiator    : HHH000026: Second-level cache disabled
2024-09-18T15:16:26.402-05:00  INFO 1496 --- [cuenta-movimientos] [           main] o.s.o.j.p.SpringPersistenceUnitInfo      : No LoadTimeWeaver setup: ignoring JPA class transformer
2024-09-18T15:16:26.476-05:00  INFO 1496 --- [cuenta-movimientos] [           main] com.zaxxer.hikari.HikariDataSource       : HikariPool-1 - Starting...
2024-09-18T15:16:28.125-05:00  INFO 1496 --- [cuenta-movimientos] [           main] com.zaxxer.hikari.pool.HikariPool        : HikariPool-1 - Added connection com.mysql.cj.jdbc.ConnectionImpl@3cf70afa
2024-09-18T15:16:28.127-05:00  INFO 1496 --- [cuenta-movimientos] [           main] com.zaxxer.hikari.HikariDataSource       : HikariPool-1 - Start completed.
2024-09-18T15:16:28.431-05:00  WARN 1496 --- [cuenta-movimientos] [           main] org.hibernate.orm.deprecation            : HHH90000025: MySQL8Dialect does not need to be specified explicitly using 'hibernate.dialect' (remove the property setting and it will be selected by default)
2024-09-18T15:16:28.433-05:00  WARN 1496 --- [cuenta-movimientos] [           main] org.hibernate.orm.deprecation            : HHH90000026: MySQL8Dialect has been deprecated; use org.hibernate.dialect.MySQLDialect instead
2024-09-18T15:16:35.347-05:00  INFO 1496 --- [cuenta-movimientos] [           main] o.h.e.t.j.p.i.JtaPlatformInitiator       : HHH000489: No JTA platform available (set 'hibernate.transaction.jta.platform' to enable JTA platform integration)
Hibernate: create table cuentas (id bigint not null auto_increment, estado bit, numero_cuenta varchar(255), saldo_inicial float(53), tipo_cuenta varchar(255), primary key (id)) engine=InnoDB
Hibernate: alter table movimientos modify column id bigint not null auto_increment
Hibernate: alter table movimientos modify column fecha varchar(255)
Hibernate: alter table movimientos modify column saldo float(53)
Hibernate: alter table movimientos modify column tipo_movimiento varchar(255)
Hibernate: alter table movimientos modify column valor float(53)
2024-09-18T15:17:03.446-05:00  INFO 1496 --- [cuenta-movimientos] [           main] j.LocalContainerEntityManagerFactoryBean : Initialized JPA EntityManagerFactory for persistence unit 'default'
2024-09-18T15:17:04.932-05:00  WARN 1496 --- [cuenta-movimientos] [           main] JpaBaseConfiguration$JpaWebConfiguration : spring.jpa.open-in-view is enabled by default. Therefore, database queries may be performed during view rendering. Explicitly configure spring.jpa.open-in-view to disable this warning
2024-09-18T15:17:20.366-05:00  INFO 1496 --- [cuenta-movimientos] [           main] o.s.b.a.e.web.EndpointLinksResolver      : Exposing 1 endpoint beneath base path '/actuator'
2024-09-18T15:17:20.597-05:00  INFO 1496 --- [cuenta-movimientos] [           main] o.s.a.r.c.CachingConnectionFactory       : Attempting to connect to: [rabbitmq-container:5672]
2024-09-18T15:17:21.647-05:00  INFO 1496 --- [cuenta-movimientos] [           main] o.s.a.r.l.SimpleMessageListenerContainer : Broker not available; cannot force queue declarations during start: java.net.UnknownHostException: Host desconocido (rabbitmq-container)
2024-09-18T15:17:21.668-05:00  INFO 1496 --- [cuenta-movimientos] [ntContainer#0-1] o.s.a.r.c.CachingConnectionFactory       : Attempting to connect to: [rabbitmq-container:5672]
2024-09-18T15:17:21.683-05:00  INFO 1496 --- [cuenta-movimientos] [           main] c.m.c.CuentaMovimientosApplicationTests  : Started CuentaMovimientosApplicationTests in 67.045 seconds (process running for 73.258)
2024-09-18T15:17:26.698-05:00  INFO 1496 --- [cuenta-movimientos] [ntContainer#0-1] o.s.a.r.l.SimpleMessageListenerContainer : Restarting Consumer@7beb2bc2: tags=[[]], channel=null, acknowledgeMode=AUTO local queue size=0
2024-09-18T15:17:26.700-05:00  INFO 1496 --- [cuenta-movimientos] [ntContainer#0-2] o.s.a.r.c.CachingConnectionFactory       : Attempting to connect to: [rabbitmq-container:5672]
]]></system-out>
    <system-err><![CDATA[WARNING: A Java agent has been loaded dynamically (C:\Users\eduga\.m2\repository\net\bytebuddy\byte-buddy-agent\1.14.19\byte-buddy-agent-1.14.19.jar)
WARNING: If a serviceability tool is in use, please run with -XX:+EnableDynamicAgentLoading to hide this warning
WARNING: If a serviceability tool is not in use, please run with -Djdk.instrument.traceUsage for more information
WARNING: Dynamic loading of agents will be disallowed by default in a future release
]]></system-err>
  </testcase>
</testsuite>